<?xml version="1.0" encoding="UTF-8"?>
<!-- Generated by org.testng.reporters.JUnitReportReporter -->
<testsuite skipped="0" hostname="DESKTOP-JHJRVJ9" name="com.walmart.qa.testcases.LoginPageTest" tests="2" failures="0" timestamp="06 Oct 2019 19:41:23 GMT" time="56.438" errors="0">
  <testcase name="loginPageTitleTest" time="27.205" classname="com.walmart.qa.testcases.LoginPageTest"/>
  <testcase name="loginTest" time="29.233" classname="com.walmart.qa.testcases.LoginPageTest"/>
</testsuite> <!-- com.walmart.qa.testcases.LoginPageTest -->
